[2019-12-22T02:03:31.264] [DEBUG] cheese - login => username:zs,password:123456
[2019-12-22T02:03:31.265] [DEBUG] cheese - zs
[2019-12-22T02:03:31.272] [DEBUG] cheese - null
[2019-12-22T02:03:31.273] [DEBUG] cheese - null
[2019-12-22T02:04:18.401] [DEBUG] cheese - login => username:admin,password:123456
[2019-12-22T02:04:18.401] [DEBUG] cheese - admin
[2019-12-22T02:04:18.406] [DEBUG] cheese - null
[2019-12-22T02:04:18.407] [DEBUG] cheese - null
[2019-12-22T20:56:48.050] [DEBUG] cheese - login => username:zcf,password:123456
[2019-12-22T20:56:48.051] [DEBUG] cheese - zcf
[2019-12-22T20:56:48.062] [DEBUG] cheese - null
[2019-12-22T20:56:48.062] [DEBUG] cheese - null
[2019-12-22T21:00:18.474] [DEBUG] cheese - login => username:zcf,password:123456
[2019-12-22T21:00:18.474] [DEBUG] cheese - zcf
[2019-12-22T21:00:18.476] [DEBUG] cheese - null
[2019-12-22T21:00:18.477] [DEBUG] cheese - null
[2019-12-22T21:00:26.829] [DEBUG] cheese - login => username:admin,password:123456
[2019-12-22T21:00:26.829] [DEBUG] cheese - admin
[2019-12-22T21:00:26.834] [DEBUG] cheese - null
[2019-12-22T21:00:26.834] [DEBUG] cheese - null
[2019-12-22T21:01:04.691] [DEBUG] cheese - login => username:admin,password:123456
[2019-12-22T21:01:04.691] [DEBUG] cheese - admin
[2019-12-22T21:01:04.694] [DEBUG] cheese - null
[2019-12-22T21:01:04.694] [DEBUG] cheese - null
[2019-12-22T21:01:32.614] [DEBUG] cheese - login => username:admin,password:123456
[2019-12-22T21:01:32.614] [DEBUG] cheese - admin
[2019-12-22T21:01:32.616] [DEBUG] cheese - null
[2019-12-22T21:01:32.616] [DEBUG] cheese - null
[2019-12-22T21:02:55.584] [DEBUG] cheese - login => username:admin,password:123456
[2019-12-22T21:02:55.584] [DEBUG] cheese - admin
[2019-12-22T21:02:55.586] [DEBUG] cheese - null
[2019-12-22T21:02:55.586] [DEBUG] cheese - null
[2019-12-22T21:03:15.771] [DEBUG] cheese - login => username:admin,password:123456
[2019-12-22T21:03:15.771] [DEBUG] cheese - admin
[2019-12-22T21:03:15.775] [DEBUG] cheese - null
[2019-12-22T21:03:15.776] [DEBUG] cheese - null
[2019-12-22T21:04:09.730] [DEBUG] cheese - login => username:admin,password:123456
[2019-12-22T21:04:09.730] [DEBUG] cheese - admin
[2019-12-22T21:04:09.734] [DEBUG] cheese - null
[2019-12-22T21:04:09.734] [DEBUG] cheese - null
[2019-12-22T21:04:34.467] [DEBUG] cheese - login => username:admin,password:123456
[2019-12-22T21:04:34.467] [DEBUG] cheese - admin
[2019-12-22T21:04:34.469] [DEBUG] cheese - null
[2019-12-22T21:04:34.469] [DEBUG] cheese - null
[2019-12-22T21:04:47.222] [DEBUG] cheese - login => username:admin,password:123456
[2019-12-22T21:04:47.222] [DEBUG] cheese - admin
[2019-12-22T21:04:47.224] [DEBUG] cheese - null
[2019-12-22T21:04:47.224] [DEBUG] cheese - null
[2019-12-22T21:08:23.097] [DEBUG] cheese - login => username:admin,password:123456
[2019-12-22T21:08:23.098] [DEBUG] cheese - admin
[2019-12-22T21:08:23.100] [DEBUG] cheese - null
[2019-12-22T21:08:23.100] [DEBUG] cheese - null
[2019-12-22T21:12:38.726] [DEBUG] cheese - login => username:admin,password:123456
[2019-12-22T21:12:38.726] [DEBUG] cheese - admin
[2019-12-22T21:12:38.728] [DEBUG] cheese - null
[2019-12-22T21:12:38.728] [DEBUG] cheese - null
[2019-12-22T21:12:57.930] [DEBUG] cheese - login => username:admin,password:123456
[2019-12-22T21:12:57.930] [DEBUG] cheese - admin
[2019-12-22T21:12:57.932] [DEBUG] cheese - null
[2019-12-22T21:12:57.932] [DEBUG] cheese - null
[2019-12-22T21:13:02.156] [DEBUG] cheese - login => username:admin,password:123456
[2019-12-22T21:13:02.156] [DEBUG] cheese - admin
[2019-12-22T21:13:02.158] [DEBUG] cheese - null
[2019-12-22T21:13:02.159] [DEBUG] cheese - null
[2019-12-22T21:13:05.488] [DEBUG] cheese - login => username:admin,password:1234567
[2019-12-22T21:13:05.488] [DEBUG] cheese - admin
[2019-12-22T21:13:05.490] [DEBUG] cheese - null
[2019-12-22T21:13:05.490] [DEBUG] cheese - null
[2019-12-22T21:13:21.394] [DEBUG] cheese - login => username:admin,password:1234562
[2019-12-22T21:13:21.394] [DEBUG] cheese - admin
[2019-12-22T21:13:21.396] [DEBUG] cheese - null
[2019-12-22T21:13:21.397] [DEBUG] cheese - null
[2019-12-22T21:13:36.332] [DEBUG] cheese - login => username:admin,password:1234562
[2019-12-22T21:13:36.332] [DEBUG] cheese - admin
[2019-12-22T21:13:36.334] [DEBUG] cheese - null
[2019-12-22T21:13:36.334] [DEBUG] cheese - null
[2019-12-22T21:13:42.240] [DEBUG] cheese - login => username:admin,password:12345628
[2019-12-22T21:13:42.240] [DEBUG] cheese - admin
[2019-12-22T21:13:42.243] [DEBUG] cheese - null
[2019-12-22T21:13:42.243] [DEBUG] cheese - null
[2019-12-22T21:13:46.468] [DEBUG] cheese - login => username:admin,password:123456
[2019-12-22T21:13:46.468] [DEBUG] cheese - admin
[2019-12-22T21:13:46.470] [DEBUG] cheese - null
[2019-12-22T21:13:46.470] [DEBUG] cheese - null
[2019-12-22T21:15:38.362] [DEBUG] cheese - login => username:admin,password:123456
[2019-12-22T21:15:38.363] [DEBUG] cheese - admin
[2019-12-22T21:15:38.365] [DEBUG] cheese - null
[2019-12-22T21:15:38.365] [DEBUG] cheese - null
[2019-12-22T21:21:16.844] [DEBUG] cheese - login => username:admin,password:123456
[2019-12-22T21:21:16.844] [DEBUG] cheese - admin
[2019-12-22T21:21:16.846] [DEBUG] cheese - null
[2019-12-22T21:21:16.846] [DEBUG] cheese - null
[2019-12-22T21:45:35.409] [DEBUG] cheese - login => username:admin,password:123456
[2019-12-22T21:45:35.409] [DEBUG] cheese - admin
[2019-12-22T21:45:35.412] [DEBUG] cheese - null
[2019-12-22T21:45:35.412] [DEBUG] cheese - null
[2019-12-22T21:52:23.330] [DEBUG] cheese - login => username:admin,password:123456
[2019-12-22T21:52:23.330] [DEBUG] cheese - admin
[2019-12-22T21:52:23.331] [DEBUG] cheese - null
[2019-12-22T21:52:23.331] [DEBUG] cheese - null
[2019-12-22T21:55:23.495] [DEBUG] cheese - login => username:admin,password:123456
[2019-12-22T21:55:23.495] [DEBUG] cheese - admin
[2019-12-22T21:55:23.497] [DEBUG] cheese - null
[2019-12-22T21:55:23.497] [DEBUG] cheese - null
[2019-12-22T22:11:27.651] [DEBUG] cheese - login => username:admin,password:123456
[2019-12-22T22:11:27.652] [DEBUG] cheese - admin
[2019-12-22T22:11:27.654] [DEBUG] cheese - null
[2019-12-22T22:11:27.654] [DEBUG] cheese - null
[2019-12-22T22:13:36.423] [DEBUG] cheese - login => username:admin,password:123456
[2019-12-22T22:13:36.423] [DEBUG] cheese - admin
[2019-12-22T22:13:36.426] [DEBUG] cheese - null
[2019-12-22T22:13:36.426] [DEBUG] cheese - null
[2019-12-22T22:13:42.545] [DEBUG] cheese - login => username:admin,password:123456
[2019-12-22T22:13:42.545] [DEBUG] cheese - admin
[2019-12-22T22:13:42.547] [DEBUG] cheese - null
[2019-12-22T22:13:42.547] [DEBUG] cheese - null
[2019-12-22T22:13:46.020] [DEBUG] cheese - login => username:admin,password:123456
[2019-12-22T22:13:46.020] [DEBUG] cheese - admin
[2019-12-22T22:13:46.022] [DEBUG] cheese - null
[2019-12-22T22:13:46.022] [DEBUG] cheese - null
[2019-12-22T23:05:09.624] [DEBUG] cheese - login => username:admin,password:123456
[2019-12-22T23:05:09.624] [DEBUG] cheese - admin
[2019-12-22T23:05:09.627] [DEBUG] cheese - null
[2019-12-22T23:05:09.627] [DEBUG] cheese - null
[2019-12-22T23:05:20.113] [DEBUG] cheese - login => username:admin,password:1234561
[2019-12-22T23:05:20.113] [DEBUG] cheese - admin
[2019-12-22T23:05:20.115] [DEBUG] cheese - null
[2019-12-22T23:05:20.115] [DEBUG] cheese - null
[2019-12-22T23:05:26.187] [DEBUG] cheese - login => username:admin,password:123456
[2019-12-22T23:05:26.187] [DEBUG] cheese - admin
[2019-12-22T23:05:26.190] [DEBUG] cheese - null
[2019-12-22T23:05:26.190] [DEBUG] cheese - null
[2019-12-22T23:20:33.225] [DEBUG] cheese - login => username:admin,password:123456
[2019-12-22T23:20:33.226] [DEBUG] cheese - admin
[2019-12-22T23:20:33.228] [DEBUG] cheese - null
[2019-12-22T23:20:33.228] [DEBUG] cheese - null
[2019-12-22T23:28:09.665] [DEBUG] cheese - login => username:admin,password:123456
[2019-12-22T23:28:09.665] [DEBUG] cheese - admin
[2019-12-22T23:28:09.668] [DEBUG] cheese - null
[2019-12-22T23:28:09.668] [DEBUG] cheese - null
[2019-12-22T23:31:32.535] [DEBUG] cheese - login => username:admin,password:123456
[2019-12-22T23:31:32.535] [DEBUG] cheese - admin
[2019-12-22T23:31:32.538] [DEBUG] cheese - null
[2019-12-22T23:31:32.538] [DEBUG] cheese - null
[2019-12-22T23:36:52.377] [DEBUG] cheese - login => username:admin,password:123456
[2019-12-22T23:36:52.378] [DEBUG] cheese - admin
[2019-12-22T23:36:52.380] [DEBUG] cheese - null
[2019-12-22T23:36:52.380] [DEBUG] cheese - null
[2019-12-23T00:25:32.318] [DEBUG] cheese - login => username:admin,password:123456
[2019-12-23T00:25:32.319] [DEBUG] cheese - admin
[2019-12-23T00:25:32.328] [DEBUG] cheese - null
[2019-12-23T00:25:32.328] [DEBUG] cheese - null
[2019-12-23T00:25:47.709] [DEBUG] cheese - login => username:admin,password:123456
[2019-12-23T00:25:47.710] [DEBUG] cheese - admin
[2019-12-23T00:25:47.712] [DEBUG] cheese - null
[2019-12-23T00:25:47.712] [DEBUG] cheese - null
[2019-12-23T00:27:03.563] [DEBUG] cheese - login => username:admin,password:123456
[2019-12-23T00:27:03.563] [DEBUG] cheese - admin
[2019-12-23T00:27:03.565] [DEBUG] cheese - null
[2019-12-23T00:27:03.565] [DEBUG] cheese - null
[2019-12-23T00:29:32.958] [DEBUG] cheese - login => username:admin,password:123456
[2019-12-23T00:29:32.958] [DEBUG] cheese - admin
[2019-12-23T00:29:32.960] [DEBUG] cheese - null
[2019-12-23T00:29:32.960] [DEBUG] cheese - null
[2019-12-23T00:30:58.932] [DEBUG] cheese - login => username:admin,password:123456
[2019-12-23T00:30:58.932] [DEBUG] cheese - admin
[2019-12-23T00:30:58.935] [DEBUG] cheese - null
[2019-12-23T00:30:58.935] [DEBUG] cheese - null
[2019-12-23T00:37:52.263] [DEBUG] cheese - login => username:admin,password:123456
[2019-12-23T00:37:52.263] [DEBUG] cheese - admin
[2019-12-23T00:37:52.265] [DEBUG] cheese - null
[2019-12-23T00:37:52.265] [DEBUG] cheese - null
[2019-12-23T00:38:45.317] [DEBUG] cheese - login => username:admin,password:123456
[2019-12-23T00:38:45.317] [DEBUG] cheese - admin
[2019-12-23T00:38:45.319] [DEBUG] cheese - null
[2019-12-23T00:38:45.319] [DEBUG] cheese - null
[2019-12-23T00:45:06.798] [DEBUG] cheese - login => username:admin,password:123456
[2019-12-23T00:45:06.798] [DEBUG] cheese - admin
[2019-12-23T00:45:06.800] [DEBUG] cheese - null
[2019-12-23T00:45:06.800] [DEBUG] cheese - null
[2019-12-23T01:00:27.849] [DEBUG] cheese - login => username:admin,password:123456
[2019-12-23T01:00:27.850] [DEBUG] cheese - admin
[2019-12-23T01:00:27.852] [DEBUG] cheese - null
[2019-12-23T01:00:27.852] [DEBUG] cheese - null
[2019-12-23T01:01:41.378] [DEBUG] cheese - login => username:admin,password:123456
[2019-12-23T01:01:41.378] [DEBUG] cheese - admin
[2019-12-23T01:01:41.380] [DEBUG] cheese - null
[2019-12-23T01:01:41.380] [DEBUG] cheese - null
[2019-12-23T02:32:05.510] [DEBUG] cheese - login => username:admin,password:123456
[2019-12-23T02:32:05.511] [DEBUG] cheese - admin
[2019-12-23T02:32:05.517] [DEBUG] cheese - null
[2019-12-23T02:32:05.517] [DEBUG] cheese - null
[2019-12-23T02:42:35.346] [DEBUG] cheese - login => username:admin,password:123456
[2019-12-23T02:42:35.346] [DEBUG] cheese - admin
[2019-12-23T02:42:35.348] [DEBUG] cheese - null
[2019-12-23T02:42:35.348] [DEBUG] cheese - null
[2019-12-23T13:54:54.726] [DEBUG] cheese - login => username:admin,password:123456
[2019-12-23T13:54:54.727] [DEBUG] cheese - admin
[2019-12-23T13:54:54.737] [DEBUG] cheese - null
[2019-12-23T13:54:54.737] [DEBUG] cheese - null
[2019-12-23T14:00:55.328] [DEBUG] cheese - login => username:admin,password:123456
[2019-12-23T14:00:55.328] [DEBUG] cheese - admin
[2019-12-23T14:00:55.332] [DEBUG] cheese - null
[2019-12-23T14:00:55.332] [DEBUG] cheese - null
[2019-12-23T14:01:17.995] [DEBUG] cheese - login => username:admin,password:123456
[2019-12-23T14:01:17.995] [DEBUG] cheese - admin
[2019-12-23T14:01:17.998] [DEBUG] cheese - null
[2019-12-23T14:01:17.998] [DEBUG] cheese - null
[2019-12-23T14:02:48.569] [DEBUG] cheese - login => username:admin,password:123456
[2019-12-23T14:02:48.569] [DEBUG] cheese - admin
[2019-12-23T14:02:48.573] [DEBUG] cheese - null
[2019-12-23T14:02:48.573] [DEBUG] cheese - null
[2019-12-23T14:04:25.058] [DEBUG] cheese - login => username:admin,password:123456
[2019-12-23T14:04:25.059] [DEBUG] cheese - admin
[2019-12-23T14:04:25.061] [DEBUG] cheese - null
[2019-12-23T14:04:25.061] [DEBUG] cheese - null
[2019-12-23T14:21:11.046] [DEBUG] cheese - login => username:admin,password:123456
[2019-12-23T14:21:11.046] [DEBUG] cheese - admin
[2019-12-23T14:21:11.048] [DEBUG] cheese - null
[2019-12-23T14:21:11.048] [DEBUG] cheese - null
[2019-12-23T14:39:11.154] [DEBUG] cheese - login => username:admin,password:123456
[2019-12-23T14:39:11.155] [DEBUG] cheese - admin
[2019-12-23T14:39:11.156] [DEBUG] cheese - null
[2019-12-23T14:39:11.156] [DEBUG] cheese - null
[2019-12-23T14:39:30.496] [DEBUG] cheese - login => username:admin,password:123456
[2019-12-23T14:39:30.496] [DEBUG] cheese - admin
[2019-12-23T14:39:30.499] [DEBUG] cheese - null
[2019-12-23T14:39:30.499] [DEBUG] cheese - null
[2019-12-23T14:40:14.773] [DEBUG] cheese - login => username:admin,password:123456
[2019-12-23T14:40:14.773] [DEBUG] cheese - admin
[2019-12-23T14:40:14.776] [DEBUG] cheese - null
[2019-12-23T14:40:14.776] [DEBUG] cheese - null
[2019-12-23T14:50:38.764] [DEBUG] cheese - login => username:admin,password:123456
[2019-12-23T14:50:38.764] [DEBUG] cheese - admin
[2019-12-23T14:50:38.766] [DEBUG] cheese - null
[2019-12-23T14:50:38.766] [DEBUG] cheese - null
[2019-12-23T16:11:38.283] [DEBUG] cheese - login => username:admin,password:123456
[2019-12-23T16:11:38.283] [DEBUG] cheese - admin
[2019-12-23T16:11:38.285] [DEBUG] cheese - null
[2019-12-23T16:11:38.285] [DEBUG] cheese - null
[2019-12-23T22:25:36.877] [DEBUG] cheese - login => username:admin,password:123456
[2019-12-23T22:25:36.878] [DEBUG] cheese - admin
[2019-12-23T22:25:36.881] [DEBUG] cheese - null
[2019-12-23T22:25:36.881] [DEBUG] cheese - null
[2019-12-23T22:25:43.880] [DEBUG] cheese - login => username:admin,password:123456
[2019-12-23T22:25:43.880] [DEBUG] cheese - admin
[2019-12-23T22:25:43.882] [DEBUG] cheese - null
[2019-12-23T22:25:43.882] [DEBUG] cheese - null
[2019-12-23T23:34:01.382] [DEBUG] cheese - login => username:admin,password:123456
[2019-12-23T23:34:01.382] [DEBUG] cheese - admin
[2019-12-23T23:34:01.385] [DEBUG] cheese - null
[2019-12-23T23:34:01.385] [DEBUG] cheese - null
[2019-12-23T23:52:05.888] [DEBUG] cheese - login => username:admin,password:123456
[2019-12-23T23:52:05.888] [DEBUG] cheese - admin
[2019-12-23T23:54:52.144] [DEBUG] cheese - login => username:admin,password:123456
[2019-12-23T23:54:52.144] [DEBUG] cheese - admin
[2019-12-23T23:54:52.150] [DEBUG] cheese - login => username:admin,password:123456
[2019-12-23T23:54:52.150] [DEBUG] cheese - admin
[2019-12-23T23:54:52.155] [DEBUG] cheese - login => username:admin,password:123456
[2019-12-23T23:54:52.155] [DEBUG] cheese - admin
[2019-12-23T23:54:52.164] [DEBUG] cheese - null
[2019-12-23T23:54:52.164] [DEBUG] cheese - null
[2019-12-23T23:54:52.245] [DEBUG] cheese - null
[2019-12-23T23:54:52.245] [DEBUG] cheese - null
[2019-12-23T23:54:52.321] [DEBUG] cheese - null
[2019-12-23T23:54:52.321] [DEBUG] cheese - null
[2019-12-23T23:54:52.396] [DEBUG] cheese - null
[2019-12-23T23:54:52.396] [DEBUG] cheese - null
[2019-12-23T23:55:31.651] [DEBUG] cheese - login => username:admin,password:123456
[2019-12-23T23:55:31.652] [DEBUG] cheese - admin
[2019-12-23T23:55:31.659] [DEBUG] cheese - null
[2019-12-23T23:55:31.660] [DEBUG] cheese - null
[2019-12-24T00:29:06.494] [DEBUG] cheese - login => username:admin,password:123456
[2019-12-24T00:29:06.495] [DEBUG] cheese - admin
[2019-12-24T00:29:06.503] [DEBUG] cheese - null
[2019-12-24T00:29:06.503] [DEBUG] cheese - null
[2019-12-24T12:30:42.151] [DEBUG] cheese - login => username:admin,password:123456
[2019-12-24T12:30:42.152] [DEBUG] cheese - admin
[2019-12-24T12:30:42.162] [DEBUG] cheese - null
[2019-12-24T12:30:42.163] [DEBUG] cheese - null
[2019-12-24T12:59:15.116] [DEBUG] cheese - login => username:admin,password:123456
[2019-12-24T12:59:15.116] [DEBUG] cheese - admin
[2019-12-24T12:59:15.118] [DEBUG] cheese - null
[2019-12-24T12:59:15.118] [DEBUG] cheese - null
[2019-12-24T13:54:34.209] [DEBUG] cheese - login => username:admin,password:123456
[2019-12-24T13:54:34.209] [DEBUG] cheese - admin
[2019-12-24T13:54:34.211] [DEBUG] cheese - null
[2019-12-24T13:54:34.211] [DEBUG] cheese - null
[2019-12-24T13:55:36.898] [DEBUG] cheese - login => username:admin,password:123456
[2019-12-24T13:55:36.898] [DEBUG] cheese - admin
[2019-12-24T13:55:36.899] [DEBUG] cheese - null
[2019-12-24T13:55:36.899] [DEBUG] cheese - null
[2019-12-24T14:22:15.933] [DEBUG] cheese - login => username:admin,password:123456
[2019-12-24T14:22:15.933] [DEBUG] cheese - admin
[2019-12-24T14:22:15.935] [DEBUG] cheese - null
[2019-12-24T14:22:15.935] [DEBUG] cheese - null
[2019-12-24T18:20:37.513] [DEBUG] cheese - null
[2019-12-24T18:27:21.759] [DEBUG] cheese - null
[2019-12-24T18:29:32.534] [DEBUG] cheese - null
[2019-12-24T18:29:35.261] [DEBUG] cheese - null
[2019-12-24T20:11:37.180] [DEBUG] cheese - login => username:admin,password:123456
[2019-12-24T20:11:37.180] [DEBUG] cheese - admin
[2019-12-24T20:11:37.182] [DEBUG] cheese - null
[2019-12-24T20:11:37.182] [DEBUG] cheese - null
[2019-12-24T21:10:44.889] [DEBUG] cheese - login => username:admin,password:123456
[2019-12-24T21:10:44.889] [DEBUG] cheese - admin
[2019-12-24T21:10:44.891] [DEBUG] cheese - null
[2019-12-24T21:10:44.891] [DEBUG] cheese - null
[2019-12-24T21:11:21.920] [DEBUG] cheese - login => username:admin,password:123456
[2019-12-24T21:11:21.920] [DEBUG] cheese - admin
[2019-12-24T21:11:21.923] [DEBUG] cheese - null
[2019-12-24T21:11:21.923] [DEBUG] cheese - null
[2019-12-24T21:12:37.759] [DEBUG] cheese - login => username:admin,password:123456
[2019-12-24T21:12:37.759] [DEBUG] cheese - admin
[2019-12-24T21:12:37.761] [DEBUG] cheese - null
[2019-12-24T21:12:37.761] [DEBUG] cheese - null
[2019-12-24T21:12:57.873] [DEBUG] cheese - login => username:admin,password:123456
[2019-12-24T21:12:57.873] [DEBUG] cheese - admin
[2019-12-24T21:12:57.876] [DEBUG] cheese - null
[2019-12-24T21:12:57.876] [DEBUG] cheese - null
[2019-12-25T12:48:32.902] [DEBUG] cheese - login => username:admin,password:123456
[2019-12-25T12:48:32.903] [DEBUG] cheese - admin
[2019-12-25T12:48:32.914] [DEBUG] cheese - null
[2019-12-25T12:48:32.914] [DEBUG] cheese - null
[2019-12-25T15:41:19.347] [DEBUG] cheese - login => username:admin,password:123456
[2019-12-25T15:41:19.349] [DEBUG] cheese - admin
[2019-12-25T15:41:19.351] [DEBUG] cheese - null
[2019-12-25T15:41:19.352] [DEBUG] cheese - null
[2019-12-25T16:32:41.629] [DEBUG] cheese - login => username:admin,password:123456
[2019-12-25T16:32:41.630] [DEBUG] cheese - admin
[2019-12-25T16:32:41.639] [DEBUG] cheese - null
[2019-12-25T16:32:41.639] [DEBUG] cheese - null
[2019-12-25T17:19:46.007] [DEBUG] cheese - login => username:admin,password:123456
[2019-12-25T17:19:46.008] [DEBUG] cheese - admin
[2019-12-25T17:19:46.014] [DEBUG] cheese - null
[2019-12-25T17:19:46.014] [DEBUG] cheese - null
[2019-12-25T18:43:05.212] [DEBUG] cheese - login => username:admin,password:123456
[2019-12-25T18:43:05.213] [DEBUG] cheese - admin
[2019-12-25T18:43:05.218] [DEBUG] cheese - null
[2019-12-25T18:43:05.219] [DEBUG] cheese - null
[2019-12-25T23:10:51.075] [DEBUG] cheese - login => username:admin,password:123456
[2019-12-25T23:10:51.077] [DEBUG] cheese - admin
[2019-12-25T23:10:51.097] [DEBUG] cheese - null
[2019-12-25T23:10:51.098] [DEBUG] cheese - null
[2019-12-26T00:16:59.601] [DEBUG] cheese - null
[2019-12-26T00:17:14.969] [DEBUG] cheese - null
[2019-12-26T00:17:16.971] [DEBUG] cheese - null
[2019-12-26T00:17:20.161] [DEBUG] cheese - null
[2019-12-26T00:17:22.348] [DEBUG] cheese - null
[2019-12-26T00:17:24.685] [DEBUG] cheese - null
[2019-12-26T03:00:57.946] [DEBUG] cheese - login => username:admin,password:123456
[2019-12-26T03:00:57.948] [DEBUG] cheese - admin
[2019-12-26T03:00:57.954] [DEBUG] cheese - null
[2019-12-26T03:00:57.955] [DEBUG] cheese - null
[2019-12-26T15:31:36.531] [DEBUG] cheese - login => username:admin,password:123456
[2019-12-26T15:31:36.532] [DEBUG] cheese - admin
[2019-12-26T15:31:36.546] [DEBUG] cheese - null
[2019-12-26T15:31:36.546] [DEBUG] cheese - null
[2019-12-26T18:15:39.994] [DEBUG] cheese - login => username:admin,password:123456
[2019-12-26T18:15:39.996] [DEBUG] cheese - admin
[2019-12-26T18:15:39.999] [DEBUG] cheese - null
[2019-12-26T18:15:39.999] [DEBUG] cheese - null
[2019-12-27T12:30:03.042] [DEBUG] cheese - login => username:admin,password:123456
[2019-12-27T12:30:03.043] [DEBUG] cheese - admin
[2019-12-27T12:30:03.052] [DEBUG] cheese - null
[2019-12-27T12:30:03.053] [DEBUG] cheese - null
[2019-12-27T13:14:24.885] [DEBUG] cheese - login => username:admin,password:123456
[2019-12-27T13:14:24.887] [DEBUG] cheese - admin
[2019-12-27T13:14:24.891] [DEBUG] cheese - null
[2019-12-27T13:14:24.892] [DEBUG] cheese - null
[2019-12-27T15:18:46.965] [DEBUG] cheese - login => username:admin,password:123456
[2019-12-27T15:18:46.966] [DEBUG] cheese - admin
[2019-12-27T15:18:46.969] [DEBUG] cheese - null
[2019-12-27T15:18:46.969] [DEBUG] cheese - null
[2019-12-27T15:41:21.404] [DEBUG] cheese - login => username:admin,password:123456
[2019-12-27T15:41:21.404] [DEBUG] cheese - admin
[2019-12-27T15:41:21.406] [DEBUG] cheese - null
[2019-12-27T15:41:21.406] [DEBUG] cheese - null
[2019-12-27T16:31:22.732] [DEBUG] cheese - login => username:admin,password:123456
[2019-12-27T16:31:22.733] [DEBUG] cheese - admin
[2019-12-27T16:31:22.735] [DEBUG] cheese - null
[2019-12-27T16:31:22.735] [DEBUG] cheese - null
[2019-12-27T16:32:23.682] [DEBUG] cheese - login => username:admin,password:123456
[2019-12-27T16:32:23.682] [DEBUG] cheese - admin
[2019-12-27T16:32:23.684] [DEBUG] cheese - null
[2019-12-27T16:32:23.684] [DEBUG] cheese - null
[2019-12-27T21:39:09.865] [DEBUG] cheese - login => username:admin,password:123456
[2019-12-27T21:39:09.868] [DEBUG] cheese - admin
[2019-12-27T21:39:09.891] [DEBUG] cheese - null
[2019-12-27T21:39:09.892] [DEBUG] cheese - null
[2019-12-29T23:58:17.029] [DEBUG] cheese - login => username:admin,password:123456
[2019-12-29T23:58:17.031] [DEBUG] cheese - admin
[2019-12-29T23:58:17.042] [DEBUG] cheese - null
[2019-12-29T23:58:17.043] [DEBUG] cheese - null
[2019-12-30T12:15:24.721] [DEBUG] cheese - login => username:admin,password:123456
[2019-12-30T12:15:24.722] [DEBUG] cheese - admin
[2019-12-30T12:15:24.731] [DEBUG] cheese - null
[2019-12-30T12:15:24.731] [DEBUG] cheese - null
[2019-12-30T16:24:13.726] [DEBUG] cheese - null
[2019-12-30T16:26:19.051] [DEBUG] cheese - null
[2019-12-30T16:27:34.861] [DEBUG] cheese - null
[2019-12-30T16:29:07.439] [DEBUG] cheese - null
[2019-12-30T16:30:58.520] [DEBUG] cheese - null
[2019-12-30T18:17:28.826] [DEBUG] cheese - login => username:admin,password:123456
[2019-12-30T18:17:28.827] [DEBUG] cheese - admin
[2019-12-30T18:17:28.831] [DEBUG] cheese - null
[2019-12-30T18:17:28.831] [DEBUG] cheese - null
[2019-12-30T18:18:24.505] [DEBUG] cheese - null
[2019-12-30T18:18:29.063] [DEBUG] cheese - null
[2019-12-30T18:18:36.337] [DEBUG] cheese - null
[2019-12-30T18:20:03.429] [DEBUG] cheese - login => username:admin,password:123456
[2019-12-30T18:20:03.429] [DEBUG] cheese - admin
[2019-12-30T18:20:03.431] [DEBUG] cheese - null
[2019-12-30T18:20:03.431] [DEBUG] cheese - null
[2019-12-30T18:24:49.669] [DEBUG] cheese - null
[2019-12-30T18:27:39.326] [DEBUG] cheese - null
[2019-12-30T18:27:40.416] [DEBUG] cheese - null
[2019-12-30T18:27:43.588] [DEBUG] cheese - null
[2019-12-30T18:28:17.026] [DEBUG] cheese - null
[2019-12-30T18:30:33.163] [DEBUG] cheese - null
[2019-12-30T18:30:34.032] [DEBUG] cheese - null
[2019-12-30T18:30:34.445] [DEBUG] cheese - null
[2019-12-30T18:30:34.633] [DEBUG] cheese - null
[2019-12-30T18:30:34.824] [DEBUG] cheese - null
[2019-12-30T18:30:34.986] [DEBUG] cheese - null
[2019-12-30T18:30:35.173] [DEBUG] cheese - null
[2019-12-30T18:30:35.355] [DEBUG] cheese - null
[2019-12-30T18:44:12.616] [DEBUG] cheese - null
[2019-12-30T18:45:01.156] [DEBUG] cheese - null
[2019-12-30T22:50:35.522] [DEBUG] cheese - login => username:admin,password:123456
[2019-12-30T22:50:35.524] [DEBUG] cheese - admin
[2019-12-30T22:50:35.528] [DEBUG] cheese - null
[2019-12-30T22:50:35.529] [DEBUG] cheese - null
[2019-12-31T13:20:01.287] [DEBUG] cheese - login => username:admin,password:123456
[2019-12-31T13:20:01.289] [DEBUG] cheese - admin
[2019-12-31T13:20:01.299] [DEBUG] cheese - null
[2019-12-31T13:20:01.299] [DEBUG] cheese - null
[2020-01-09T18:01:43.291] [DEBUG] cheese - login => username:admin,password:123456
[2020-01-09T18:01:43.292] [DEBUG] cheese - admin
[2020-01-09T18:01:43.304] [DEBUG] cheese - null
[2020-01-09T18:01:43.305] [DEBUG] cheese - null
[2020-02-13T20:15:40.949] [DEBUG] cheese - login => username:admin,password:123456
[2020-02-13T20:15:40.950] [DEBUG] cheese - admin
[2020-02-13T20:15:40.961] [DEBUG] cheese - null
[2020-02-13T20:15:40.961] [DEBUG] cheese - null
[2020-02-13T20:37:22.301] [DEBUG] cheese - login => username:admin,password:123456
[2020-02-13T20:37:22.303] [DEBUG] cheese - admin
[2020-02-13T20:37:22.313] [DEBUG] cheese - null
[2020-02-13T20:37:22.313] [DEBUG] cheese - null
